    0.000  0.03174294
    0.002  0.10091989
    0.004 -0.02274468
    0.006 -0.11097799
    0.008 -0.15565075
    0.010  0.05204929
    0.012 -0.35410616
    0.014 -0.04524357
    0.016 -0.07427133
    0.018 -0.20190852
    0.020  0.02177104
    0.022  0.00854957
    0.024  0.14817243
    0.026 -0.41623446
    0.028  0.06216155
    0.030  0.13899617
    0.032 -0.38185834
    0.034 -0.03932817
    0.036  0.15413082
    0.038 -0.05282708
    0.040  0.00261940
    0.042 -0.10174908
    0.044  0.14897025
    0.046 -0.03267018
    0.048 -0.02740969
    0.050 -0.05865842
    0.052 -0.21129892
    0.054  0.05021542
    0.056  0.10108413
    0.058  0.16881055
    0.060 -0.09307248
    0.062 -0.13835743
    0.064  0.08724993
    0.066 -0.12275299
    0.068 -0.27509251
    0.070 -0.19635093
    0.072  0.01394129
    0.074 -0.35644705
    0.076 -0.06368773
    0.078 -0.23556084
    0.080  0.06161544
    0.082 -0.16513739
    0.084 -0.04782124
    0.086  0.00082080
    0.088 -0.14687363
    0.090 -0.08518580
    0.092  0.14071366
    0.094 -0.01281274
    0.096 -0.16798952
    0.098 -0.13544106
    0.100  0.03543441
    0.102  0.06402371
    0.104 -0.09862297
    0.106  0.02791720
    0.108  0.39877006
    0.110  0.11351395
    0.112  0.10462368
    0.114  0.18174704
    0.116 -0.11176890
    0.118  0.10340210
    0.120  0.08964023
    0.122 -0.21369898
    0.124  0.33930080
    0.126  0.08354951
    0.128 -0.06923887
    0.130  0.06131570
    0.132  0.26257635
    0.134 -0.05894987
    0.136 -0.23331943
    0.138 -0.20631738
    0.140 -0.02639259
    0.142  0.00638432
    0.144 -0.00872958
    0.146 -0.29242989
    0.148 -0.15539337
    0.150  0.17451466
    0.152  0.27927967
    0.154  0.05226092
    0.156 -0.25667233
    0.158  0.06610775
    0.160 -0.07469433
    0.162  0.09347422
    0.164 -0.05656388
    0.166 -0.01699750
    0.168  0.16504775
    0.170 -0.11256635
    0.172 -0.12355360
    0.174  0.25509827
    0.176  0.05434003
    0.178 -0.01999673
    0.180 -0.09564365
    0.182 -0.26283785
    0.184  0.15222250
    0.186  0.00067094
    0.188  0.08420008
    0.190  0.00336376
    0.192 -0.18087317
    0.194 -0.23879415
    0.196 -0.03875185
    0.198 -0.22025793
    0.200 -0.05402439
    0.202  0.00610961
    0.204 -0.07461146
    0.206 -0.10505927
    0.208  0.29429439
    0.210 -0.04236917
    0.212 -0.07866883
    0.214 -0.07388373
    0.216  0.08242234
    0.218  0.03170839
    0.220 -0.01102559
    0.222 -0.09598108
    0.224 -0.31147288
    0.226  0.11995099
    0.228 -0.02119132
    0.230 -0.08197238
    0.232  0.06688188
    0.234 -0.01808220
    0.236 -0.10461490
    0.238 -0.06026307
    0.240  0.07238471
    0.242  0.06231402
    0.244  0.07560741
    0.246  0.09903743
    0.248  0.27648014
    0.250  0.13993784
    0.252 -0.21316549
    0.254 -0.26892734
    0.256 -0.23094903
    0.258  0.01480763
    0.260 -0.10972553
    0.262  0.06455115
    0.264 -0.22828152
    0.266 -0.11988206
    0.268 -0.03856736
    0.270  0.36051886
    0.272 -0.10073977
    0.274 -0.30440269
    0.276 -0.06254667
    0.278 -0.21379130
    0.280  0.07128550
    0.282 -0.19523469
    0.284 -0.01974037
    0.286 -0.09903415
    0.288 -0.27558523
    0.290  0.05249093
    0.292  0.03609564
    0.294  0.03282360
    0.296  0.19207832
    0.298 -0.15231850
    0.300 -0.03011391
    0.302  0.11155690
    0.304 -0.09987648
    0.306  0.22844616
    0.308 -0.14127612
    0.310  0.04729170
    0.312 -0.05888956
    0.314 -0.03331444
    0.316 -0.04988892
    0.318 -0.26255268
    0.320  0.18859602
    0.322 -0.03939140
    0.324 -0.26510198
    0.326  0.10538929
    0.328  0.12932415
    0.330  0.11249623
    0.332  0.16425126
    0.334  0.00236940
    0.336  0.10864646
    0.338  0.06574032
    0.340 -0.29124461
    0.342  0.10897146
    0.344 -0.01703551
    0.346  0.16334208
    0.348  0.02573694
    0.350 -0.06205447
    0.352  0.07724942
    0.354  0.01790993
    0.356  0.00060835
    0.358  0.09372905
    0.360  0.01878644
    0.362 -0.00406742
    0.364 -0.00907163
    0.366 -0.10135975
    0.368  0.19799284
    0.370 -0.05927183
    0.372 -0.11902375
    0.374  0.06969545
    0.376 -0.28959993
    0.378 -0.10176948
    0.380  0.11157413
    0.382 -0.23218365
    0.384 -0.01622856
    0.386 -0.09144762
    0.388  0.11931995
    0.390  0.41294231
    0.392 -0.14142463
    0.394  0.32040378
    0.396 -0.07892223
    0.398 -0.09524459
    0.400  0.12602777
    0.402 -0.07576615
    0.404 -0.32751349
    0.406 -0.00198844
    0.408 -0.07150279
    0.410  0.16398742
    0.412 -0.10729677
    0.414 -0.15208946
    0.416 -0.11767800
    0.418  0.09552367
    0.420 -0.16020738
    0.422 -0.14390404
    0.424  0.02387488
    0.426 -0.01262422
    0.428 -0.00018544
    0.430 -0.14329848
    0.432 -0.07076438
    0.434 -0.08775970
    0.436  0.15134305
    0.438  0.08584506
    0.440 -0.07241546
    0.442  0.15917221
    0.444 -0.29935074
    0.446  0.12843029
    0.448 -0.09819219
    0.450  0.14067632
    0.452  0.04295876
    0.454 -0.27751830
    0.456 -0.12258655
    0.458 -0.25823178
    0.460  0.23027310
    0.462  0.05809587
    0.464 -0.00779980
    0.466  0.10012660
    0.468  0.06176680
    0.470  0.08895052
    0.472 -0.10960217
    0.474  0.05568859
    0.476  0.08534355
    0.478  0.00099145
    0.480  0.08350681
    0.482  0.03004901
    0.484  0.11805044
    0.486 -0.16860579
    0.488  0.07865862
    0.490  0.05522684
    0.492 -0.10717254
    0.494  0.15225220
    0.496  0.00080192
    0.498 -0.01461711
    0.500  0.00630878
    0.502 -0.11949993
    0.504  0.18508905
    0.506  0.16178899
    0.508 -0.09639287
    0.510 -0.18816000
    0.512  0.16073148
    0.514 -0.18048624
    0.516  0.12691298
    0.518  0.14475408
    0.520  0.24201145
    0.522 -0.00573223
    0.524  0.06504162
    0.526  0.12616310
    0.528 -0.07407708
    0.530  0.10536135
    0.532  0.28582680
    0.534 -0.24710410
    0.536  0.11485370
    0.538  0.09137220
    0.540 -0.07766193
    0.542  0.11251552
    0.544  0.00709815
    0.546 -0.10805051
    0.548  0.15998064
    0.550 -0.06146851
    0.552 -0.18036911
    0.554  0.25772921
    0.556 -0.03928801
    0.558 -0.10078204
    0.560 -0.32838922
    0.562 -0.12458046
    0.564  0.10808816
    0.566 -0.23271157
    0.568  0.02847896
    0.570 -0.03961725
    0.572 -0.25419931
    0.574 -0.14802749
    0.576 -0.05467287
    0.578  0.17977620
    0.580 -0.11304511
    0.582 -0.21717183
    0.584  0.04996317
    0.586 -0.10705256
    0.588  0.05598687
    0.590 -0.01367130
    0.592 -0.13472803
    0.594  0.10401272
    0.596  0.12240739
    0.598 -0.10130246
    0.600 -0.06108019
    0.602 -0.00144919
    0.604 -0.18744387
    0.606 -0.00089651
    0.608  0.32327614
    0.610  0.22331221
    0.612 -0.27471823
    0.614 -0.16808732
    0.616  0.11357150
    0.618  0.16102329
    0.620  0.19314383
    0.622 -0.23813885
    0.624  0.08851366
    0.626 -0.33031518
    0.628  0.03973909
    0.630  0.04519217
    0.632 -0.20290328
    0.634 -0.06971817
    0.636  0.12738563
    0.638  0.04913858
    0.640  0.28427768
    0.642  0.02157119
    0.644  0.00579269
    0.646 -0.02989370
    0.648  0.14169091
    0.650  0.06957222
    0.652 -0.00709977
    0.654 -0.15367985
    0.656 -0.01495356
    0.658  0.01188245
    0.660  0.28554146
    0.662  0.06350404
    0.664 -0.09706964
    0.666 -0.02063182
    0.668  0.11384114
    0.670  0.24810392
    0.672 -0.15243983
    0.674 -0.20031323
    0.676  0.12815374
    0.678  0.04163514
    0.680  0.19948009
    0.682  0.11049261
    0.684 -0.18049298
    0.686 -0.31156425
    0.688  0.10720772
    0.690 -0.12692337
    0.692  0.22784185
    0.694 -0.10678419
    0.696  0.17272654
    0.698  0.01684175
    0.700 -0.22079551
    0.702  0.11910543
    0.704  0.02992533
    0.706  0.01944683
    0.708 -0.00051914
    0.710 -0.01305727
    0.712  0.22821398
    0.714  0.02478300
    0.716  0.08087912
    0.718  0.04385805
    0.720 -0.11655755
    0.722  0.00035316
    0.724 -0.16652648
    0.726 -0.08206125
    0.728 -0.01121842
    0.730 -0.22158780
    0.732 -0.16755887
    0.734  0.24570408
    0.736 -0.02927781
    0.738  0.22803149
    0.740  0.19681243
    0.742 -0.04520750
    0.744 -0.13863259
    0.746  0.07216149
    0.748  0.17343771
    0.750 -0.06576099
    0.752  0.06468495
    0.754 -0.08599503
    0.756 -0.06221111
    0.758 -0.07040132
    0.760 -0.16692299
    0.762  0.31526753
    0.764 -0.15965404
    0.766  0.04425187
    0.768  0.01992544
    0.770 -0.05823346
    0.772  0.00328021
    0.774  0.26390172
    0.776  0.19612402
    0.778 -0.11314688
    0.780  0.21044730
    0.782 -0.09711547
    0.784 -0.05637777
    0.786 -0.10419506
    0.788  0.13758788
    0.790 -0.10978667
    0.792  0.11842372
    0.794 -0.20954359
    0.796  0.08523670
    0.798  0.19931322
    0.800 -0.08990944
    0.802  0.11247666
    0.804 -0.12933001
    0.806 -0.15992156
    0.808  0.13976043
    0.810  0.18885494
    0.812  0.23126244
    0.814  0.15461921
    0.816 -0.19164162
    0.818  0.07341380
    0.820  0.06500735
    0.822 -0.19129604
    0.824 -0.04225819
    0.826 -0.20972856
    0.828 -0.00482020
    0.830  0.11843481
    0.832 -0.07104938
    0.834  0.00227475
    0.836  0.29691505
    0.838  0.14012216
    0.840  0.04746961
    0.842  0.03810391
    0.844 -0.03586889
    0.846  0.03109734
    0.848 -0.03005477
    0.850  0.15782334
    0.852  0.14654447
    0.854  0.07958906
    0.856 -0.10699589
    0.858 -0.02145395
    0.860  0.08722242
    0.862 -0.38049195
    0.864  0.21233039
    0.866 -0.08492339
    0.868 -0.02404734
    0.870  0.25557189
    0.872 -0.13231609
    0.874 -0.11210064
    0.876 -0.08687184
    0.878 -0.03626831
    0.880  0.04973492
    0.882  0.11540333
    0.884 -0.01074510
    0.886 -0.01022755
    0.888  0.19614961
    0.890 -0.00231103
    0.892 -0.21305925
    0.894  0.15172858
    0.896 -0.02908608
    0.898  0.09330796
    0.900 -0.22616363
    0.902  0.17379153
    0.904 -0.12263082
    0.906  0.03426187
    0.908 -0.14505555
    0.910  0.24048361
    0.912  0.06071839
    0.914  0.01454039
    0.916  0.02199596
    0.918 -0.07082626
    0.920  0.02493065
    0.922 -0.12288052
    0.924  0.13179746
    0.926 -0.02724744
    0.928 -0.14805112
    0.930  0.04056660
    0.932  0.02612420
    0.934 -0.15571505
    0.936  0.16208535
    0.938  0.16043090
    0.940  0.23447828
    0.942  0.01394575
    0.944  0.09384972
    0.946  0.02535067
    0.948 -0.05701844
    0.950  0.21519223
    0.952 -0.16708267
    0.954 -0.04538264
    0.956 -0.13825464
    0.958 -0.02330720
    0.960  0.33915374
    0.962  0.05017867
    0.964  0.10315503
    0.966  0.09380036
    0.968  0.08020308
    0.970  0.15044122
    0.972  0.04766622
    0.974  0.07128895
    0.976  0.18724192
    0.978 -0.01998610
    0.980 -0.04084604
    0.982  0.15999194
    0.984  0.17061900
    0.986  0.15786908
    0.988  0.04277306
    0.990  0.18907701
    0.992 -0.10172173
    0.994  0.08516991
    0.996  0.11426369
    0.998 -0.00714557
    1.000  0.01886042
    1.002 -0.18635677
    1.004 -0.12582154
    1.006  0.05792226
    1.008  0.04416378
    1.010  0.00271848
    1.012  0.01230092
    1.014 -0.15028628
    1.016 -0.11900177
    1.018  0.05113886
    1.020 -0.03752190
    1.022 -0.50920790
    1.024 -0.07161509
    1.026  0.23814413
    1.028 -0.02355058
    1.030  0.10804190
    1.032  0.26996396
    1.034  0.12000761
    1.036  0.11024926
    1.038  0.01366136
    1.040  0.06995264
    1.042 -0.11752849
    1.044  0.22157178
    1.046  0.04692771
    1.048 -0.05788374
    1.050 -0.07501791
    1.052  0.17177829
    1.054 -0.05005687
    1.056 -0.00935890
    1.058 -0.23456683
    1.060 -0.10873695
    1.062  0.16636566
    1.064 -0.00768011
    1.066 -0.15391102
    1.068  0.03683570
    1.070 -0.02969162
    1.072  0.21116091
    1.074  0.20892983
    1.076  0.06994184
    1.078 -0.06573295
    1.080 -0.10365106
    1.082 -0.17660825
    1.084 -0.11719046
    1.086  0.15542863
    1.088 -0.02210485
    1.090  0.01368400
    1.092  0.34419408
    1.094 -0.02846982
    1.096  0.19675965
    1.098 -0.07363114
    1.100  0.08036260
    1.102 -0.04847957
    1.104 -0.12507809
    1.106 -0.16125267
    1.108  0.10777886
    1.110  0.18305061
    1.112 -0.00684348
    1.114 -0.25690134
    1.116 -0.10762658
    1.118  0.16527463
    1.120 -0.06009990
    1.122 -0.02925031
    1.124  0.05464928
    1.126  0.07482084
    1.128 -0.30259280
    1.130 -0.02375696
    1.132  0.07637858
    1.134 -0.08360699
    1.136 -0.08039007
    1.138 -0.11440092
    1.140  0.04811224
    1.142  0.02566636
    1.144 -0.09490862
    1.146 -0.17249115
    1.148 -0.05967493
    1.150 -0.06250627
    1.152 -0.09180470
    1.154  0.13998982
    1.156  0.04802235
    1.158 -0.06889603
    1.160 -0.11621189
    1.162 -0.15784172
    1.164 -0.01544362
    1.166  0.05905249
    1.168 -0.15358742
    1.170  0.16350344
    1.172  0.19848910
    1.174 -0.02585630
    1.176  0.43263931
    1.178  0.14657992
    1.180  0.19764833
    1.182  0.35687460
    1.184  0.30152814
    1.186 -0.04557451
    1.188  0.07820666
    1.190 -0.19484543
    1.192  0.16439983
    1.194  0.00295041
    1.196 -0.01042164
    1.198 -0.05476231
    1.200 -0.12862891
    1.202  0.00041214
    1.204  0.03656954
    1.206 -0.10596068
    1.208  0.03877079
    1.210  0.14551559
    1.212  0.02136498
    1.214  0.11994590
    1.216 -0.08396962
    1.218 -0.20493270
    1.220 -0.07456569
    1.222  0.10542614
    1.224 -0.10025062
    1.226  0.04232887
    1.228  0.08999457
    1.230 -0.18937456
    1.232  0.29254165
    1.234 -0.02618385
    1.236  0.22572348
    1.238 -0.23760061
    1.240 -0.09418727
    1.242  0.15121862
    1.244 -0.15353817
    1.246 -0.20466769
    1.248 -0.03470653
    1.251 -0.04845493
    1.253 -0.08857544
    1.255  0.09457095
    1.257 -0.09910813
    1.259 -0.06679965
    1.261 -0.14059545
    1.263 -0.01743426
    1.265  0.00233291
    1.267  0.15806163
    1.269 -0.13665018
    1.271 -0.04390991
    1.273 -0.14146172
    1.275  0.14526453
    1.277 -0.00852266
    1.279 -0.15691422
    1.281  0.01021654
    1.283  0.13179219
    1.285  0.11024321
    1.287 -0.16210188
    1.289  0.10656437
    1.291  0.10545841
    1.293 -0.19485478
    1.295 -0.01667607
    1.297  0.25536643
    1.299 -0.20683807
    1.301  0.00824659
    1.303  0.22603161
    1.305 -0.17150018
    1.307  0.16104501
    1.309  0.03979431
    1.311  0.06960868
    1.313  0.09278908
    1.315  0.02563601
    1.317  0.08654418
    1.319 -0.30370917
    1.321 -0.00016751
    1.323 -0.05472599
    1.325 -0.12516966
    1.327 -0.04015357
    1.329 -0.01814603
    1.331  0.12443273
    1.333 -0.06579165
    1.335 -0.24485182
    1.337 -0.04639626
    1.339 -0.13488268
    1.341 -0.04216934
    1.343  0.09253526
    1.345 -0.11757123
    1.347 -0.15112034
    1.349  0.01018309
    1.351 -0.09519426
    1.353 -0.06347152
    1.355  0.08735349
    1.357  0.08401261
    1.359 -0.11446072
    1.361 -0.06855057
    1.363  0.15744835
    1.365 -0.00039557
    1.367  0.04287933
    1.369  0.16102674
    1.371 -0.08941225
    1.373  0.00199652
    1.375 -0.02069670
    1.377  0.00090669
    1.379  0.22137986
    1.381 -0.14321777
    1.383  0.21242001
    1.385  0.06622734
    1.387 -0.16048393
    1.389 -0.27151857
    1.391  0.18855339
    1.393  0.21807398
    1.395 -0.16728732
    1.397  0.11773400
    1.399  0.06391736
    1.401 -0.06855700
    1.403  0.26383447
    1.405 -0.13546512
    1.407 -0.18171292
    1.409 -0.24981261
    1.411 -0.10309755
    1.413  0.29963459
    1.415 -0.01463692
    1.417  0.12331610
    1.419 -0.09699030
    1.421  0.17537253
    1.423  0.09766416
    1.425 -0.00286367
    1.427 -0.04054784
    1.429  0.34303250
    1.431  0.05999916
    1.433  0.20444739
    1.435  0.14173441
    1.437  0.03265499
    1.439 -0.02908579
    1.441 -0.27913991
    1.443 -0.07657889
    1.445 -0.25389985
    1.447 -0.15550518
    1.449  0.21001697
    1.451  0.15343101
    1.453  0.07244532
    1.455  0.00055601
    1.457  0.12347847
    1.459 -0.10338778
    1.461  0.02742011
    1.463 -0.34893647
    1.465  0.00745307
    1.467  0.09621519
    1.469 -0.00594407
    1.471 -0.25035530
    1.473 -0.21958634
    1.475 -0.09904339
    1.477 -0.23519438
    1.479 -0.00732193
    1.481  0.21755919
    1.483  0.01133904
    1.485 -0.06057319
    1.487 -0.11200156
    1.489  0.09556273
    1.491  0.20734150
    1.493  0.10299108
    1.495  0.06586885
    1.497 -0.15188515
    1.499 -0.03165575
    1.501 -0.12549381
    1.503  0.00079981
    1.505  0.08054374
    1.507  0.11704538
    1.509  0.11134376
    1.511 -0.17032070
    1.513 -0.05207774
    1.515 -0.27063532
    1.517 -0.14913691
    1.519  0.06712378
    1.521 -0.16101446
    1.523 -0.29761276
    1.525  0.01232419
    1.527 -0.09825349
    1.529 -0.20575953
    1.531 -0.17160582
    1.533  0.25863211
    1.535 -0.24521500
    1.537  0.16184226
    1.539  0.03401520
    1.541  0.22815796
    1.543 -0.02371764
    1.545  0.16591973
    1.547  0.10612186
    1.549 -0.26436873
    1.551  0.01390684
    1.553 -0.05054954
    1.555 -0.01693378
    1.557 -0.20751629
    1.559  0.06344980
    1.561 -0.15656219
    1.563 -0.01650487
    1.565  0.09425385
    1.567  0.21418131
    1.569  0.01123822
    1.571  0.06922764
    1.573 -0.24428319
    1.575 -0.21371582
    1.577  0.18028048
    1.579  0.00687302
    1.581 -0.01870712
    1.583  0.03455280
    1.585  0.32394004
    1.587  0.04805865
    1.589 -0.10205331
    1.591  0.03770064
    1.593  0.01171149
    1.595 -0.25412829
    1.597  0.09439463
    1.599 -0.04068174
    1.601  0.03527137
    1.603 -0.16969850
    1.605 -0.03937963
    1.607 -0.04479827
    1.609 -0.24332176
    1.611  0.19598617
    1.613  0.22004489
    1.615  0.38013754
    1.617 -0.01606748
    1.619 -0.19364176
    1.621 -0.06614155
    1.623 -0.02587332
    1.625 -0.28720888
    1.627  0.13812837
    1.629  0.09372981
    1.631 -0.08383534
    1.633  0.09693902
    1.635  0.24776893
    1.637 -0.10015402
    1.639  0.09861065
    1.641  0.03398454
    1.643 -0.10437142
    1.645  0.11245720
    1.647  0.24201854
    1.649  0.15002480
    1.651  0.20915909
    1.653 -0.17312583
    1.655 -0.25978836
    1.657  0.26317579
    1.659 -0.01342071
    1.661  0.05067789
    1.663 -0.08736312
    1.665 -0.17128025
    1.667 -0.13715343
    1.669  0.12611196
    1.671  0.19920877
    1.673  0.10238054
    1.675  0.24915726
    1.677 -0.26790195
    1.679  0.01303213
    1.681 -0.13895169
    1.683  0.00966370
    1.685  0.04046254
    1.687 -0.03752998
    1.689  0.01019688
    1.691 -0.23120422
    1.693 -0.06172368
    1.695 -0.00237174
    1.697  0.00683125
    1.699  0.06717286
    1.701  0.03887233
    1.703  0.16308289
    1.705  0.01976274
    1.707  0.12888283
    1.709 -0.18974127
    1.711 -0.21936936
    1.713  0.18369466
    1.715 -0.33402908
    1.717  0.28310224
    1.719 -0.03152739
    1.721  0.20318797
    1.723  0.11909264
    1.725 -0.14841025
    1.727  0.20652274
    1.729 -0.08535672
    1.731 -0.00538617
    1.733 -0.15949622
    1.735  0.07342509
    1.737 -0.10522289
    1.739 -0.15651737
    1.741 -0.15043091
    1.743 -0.01847582
    1.745  0.18884454
    1.747 -0.15277939
    1.749 -0.02734045
    1.751  0.06205809
    1.753 -0.03995249
    1.755  0.04618687
    1.757 -0.15291350
    1.759  0.15178142
    1.761  0.25326328
    1.763 -0.13543823
    1.765 -0.16876431
    1.767 -0.14370103
    1.769  0.01220775
    1.771  0.14939184
    1.773 -0.09920327
    1.775 -0.21599198
    1.777 -0.03484277
    1.779  0.04429156
    1.781  0.12846755
    1.783  0.04839228
    1.785  0.07045413
    1.787  0.12784722
    1.789  0.27786187
    1.791 -0.23561908
    1.793 -0.08925579
    1.795 -0.24716629
    1.797  0.13137124
    1.799  0.05530538
    1.801 -0.10818575
    1.803  0.11119262
    1.805 -0.08141787
    1.807 -0.15469775
    1.809 -0.08065881
    1.811  0.04766091
    1.813  0.21263427
    1.815 -0.16301483
    1.817  0.13616826
    1.819 -0.12105132
    1.821  0.31540146
    1.823  0.06001192
    1.825 -0.23076251
    1.827 -0.05975316
    1.829  0.08450429
    1.831 -0.09088082
    1.833 -0.07505079
    1.835 -0.04515440
    1.837  0.00777647
    1.839  0.15704416
    1.841 -0.04383468
    1.843  0.11274931
    1.845  0.01581437
    1.847  0.19892321
    1.849 -0.13874223
    1.851 -0.03951160
    1.853 -0.02448007
    1.855 -0.08189506
    1.857 -0.09639390
    1.859  0.12038416
    1.861  0.09653329
    1.863  0.12320555
    1.865  0.09036748
    1.867 -0.01269234
    1.869 -0.18041534
    1.871 -0.05142757
    1.873 -0.09840844
    1.875  0.07274826
    1.877  0.00903514
    1.879  0.14830478
    1.881 -0.14118049
    1.883 -0.14715824
    1.885  0.09250968
    1.887 -0.06809426
    1.889  0.05202208
    1.891  0.03606135
    1.893  0.01417725
    1.895  0.14230121
    1.897 -0.05155143
    1.899  0.08401970
    1.901 -0.16179033
    1.903 -0.02470088
    1.905 -0.11477726
    1.907 -0.19700646
    1.909  0.00976275
    1.911  0.08650714
    1.913 -0.23706567
    1.915 -0.01891021
    1.917 -0.20372121
    1.919  0.04359717
    1.921  0.19217312
    1.923  0.22886503
    1.925 -0.20397990
    1.927 -0.14996841
    1.929  0.14612745
    1.931  0.09800943
    1.933  0.13772865
    1.935  0.00149046
    1.937  0.04656648
    1.939 -0.06389748
    1.941  0.06972694
    1.943  0.17307853
    1.945  0.00417696
    1.947 -0.24741481
    1.949 -0.09203703
    1.951 -0.23578629
    1.953 -0.10395481
    1.955  0.11896819
    1.957 -0.24025424
    1.959 -0.14795092
    1.961 -0.07865503
    1.963 -0.08385992
    1.965 -0.23297839
    1.967 -0.22692722
    1.969 -0.22371683
    1.971 -0.00534623
    1.973 -0.14239404
    1.975 -0.03219419
    1.977 -0.06341417
    1.979  0.04118795
    1.981 -0.10564986
    1.983  0.07026059
    1.985  0.01211670
    1.987 -0.05748286
    1.989  0.09776964
    1.991 -0.20084188
    1.993 -0.05590235
    1.995 -0.17390201
    1.997 -0.26222722
    1.999 -0.06296512
    2.001 -0.28496406
    2.003  0.11741976
    2.005 -0.27381070
    2.007  0.02049786
    2.009 -0.00105994
    2.011 -0.05381272
    2.013 -0.00140608
    2.015  0.32239155
    2.017 -0.10237346
    2.019 -0.07966618
    2.021  0.05779238
    2.023  0.10850225
    2.025 -0.13702378
    2.027  0.12712477
    2.029  0.10670297
    2.031  0.08345455
    2.033  0.01497464
    2.035 -0.18122853
    2.037  0.34407084
    2.039 -0.08549453
    2.041 -0.09347447
    2.043  0.31038005
    2.045 -0.02665509
    2.047  0.11250125
    2.049 -0.14560240
    2.051 -0.06825825
    2.053 -0.02825460
    2.055  0.31000825
    2.057  0.00833043
    2.059 -0.01569118
    2.061 -0.07313488
    2.063 -0.00396942
    2.065  0.03881041
    2.067  0.01087404
    2.069 -0.13514553
    2.071  0.10877996
    2.073  0.08253550
    2.075 -0.01434940
    2.077 -0.08200883
    2.079  0.02753665
    2.081  0.04797588
    2.083  0.10647315
    2.085  0.05996580
    2.087 -0.23572325
    2.089 -0.06047724
    2.091 -0.15289579
    2.093  0.10746285
    2.095 -0.29511567
    2.097  0.07128399
    2.099  0.08640623
    2.101 -0.12266017
    2.103  0.18015477
    2.105 -0.19152459
    2.107 -0.11094560
    2.109 -0.09138311
    2.111 -0.11979316
    2.113 -0.16480356
    2.115 -0.04190258
    2.117  0.09918984
    2.119  0.18630206
    2.121 -0.01471942
    2.123 -0.00050082
    2.125 -0.01952581
    2.127 -0.11627050
    2.129  0.00899413
    2.131  0.00467472
    2.133  0.04223223
    2.135 -0.08574479
    2.137 -0.00675605
    2.139 -0.26280730
    2.141 -0.12016696
    2.143 -0.23858580
    2.145  0.06810795
    2.147  0.20375884
    2.149 -0.05999136
    2.151 -0.07977649
    2.153  0.08995337
    2.155  0.17755185
    2.157 -0.03955770
    2.159 -0.19538865
    2.161 -0.09422188
    2.163  0.06249456
    2.165  0.32957682
    2.167 -0.00459072
    2.169 -0.03770154
    2.171  0.12964466
    2.173 -0.13514137
    2.175 -0.19974566
    2.177  0.31228563
    2.179 -0.11816224
    2.181 -0.06833556
    2.183  0.04882133
    2.185  0.01709322
    2.187  0.16944900
    2.189 -0.06628452
    2.191 -0.00694756
    2.193  0.02768402
    2.195 -0.22027865
    2.197 -0.03536689
    2.199 -0.29637157
    2.201  0.01562065
    2.203  0.02628097
    2.205  0.29964337
    2.207 -0.16205459
    2.209 -0.00187762
    2.211 -0.24739917
    2.213 -0.09195259
    2.215  0.23196593
    2.217  0.27110816
    2.219 -0.08887162
    2.221 -0.01739300
    2.223 -0.03501432
    2.225 -0.06669438
    2.227  0.12805686
    2.229 -0.30679656
    2.231  0.14165134
    2.233  0.16225255
    2.235  0.12868142
    2.237  0.10478314
    2.239  0.03041545
    2.241 -0.19484857
    2.243  0.12059703
    2.245 -0.02029294
    2.247  0.06181788
    2.249  0.13426097
    2.251 -0.16054076
    2.253  0.03313592
    2.255  0.04873458
    2.257 -0.16979518
    2.259  0.13496702
    2.261  0.17658770
    2.263 -0.25827620
    2.265  0.10994906
    2.267  0.10254588
    2.269 -0.02207708
    2.271 -0.13113993
    2.273 -0.09175240
    2.275  0.15028647
    2.277  0.02296593
    2.279 -0.44139694
    2.281  0.10984601
    2.283  0.01227809
    2.285  0.03250530
    2.287 -0.08722173
    2.289  0.08237442
    2.291  0.15358784
    2.293 -0.00918507
    2.295  0.04643509
    2.297  0.17245901
    2.299  0.13980523
    2.301 -0.06974978
    2.303  0.18088502
    2.305  0.15236168
    2.307 -0.00341485
    2.309  0.14946099
    2.311  0.16731791
    2.313  0.09729094
    2.315  0.21318348
    2.317 -0.08560246
    2.319  0.23349248
    2.321  0.13324192
    2.323 -0.10348798
    2.325  0.14740890
    2.327  0.32393880
    2.329  0.09739993
    2.331 -0.14463309
    2.333  0.20097447
    2.335  0.00096073
    2.337  0.21235004
    2.339 -0.10118264
    2.341  0.17741648
    2.343 -0.01401619
    2.345  0.06034249
    2.347  0.01954243
    2.349  0.09644811
    2.351 -0.03497399
    2.353  0.07838661
    2.355  0.00526641
    2.357 -0.30436298
    2.359 -0.15845887
    2.361  0.13918428
    2.363  0.01590186
    2.365  0.08715016
    2.367 -0.01392363
    2.369  0.08377898
    2.371 -0.01955259
    2.373  0.04307592
    2.375 -0.14001001
    2.377 -0.17281929
    2.379  0.00833926
    2.381  0.28712677
    2.383  0.13376154
    2.385 -0.06021479
    2.387  0.11720407
    2.389  0.00330234
    2.391  0.10251318
    2.393  0.01907301
    2.395  0.05471042
    2.397  0.05519024
    2.399  0.00411689
    2.401 -0.01556970
    2.403  0.08829135
    2.405  0.10069418
    2.407 -0.05040162
    2.409 -0.09043911
    2.411 -0.14514545
    2.413  0.16864413
    2.415 -0.04130625
    2.417 -0.22887059
    2.419 -0.00826796
    2.421 -0.20389584
    2.423 -0.02732684
    2.425 -0.01038940
    2.427 -0.07146414
    2.429 -0.17550006
    2.431 -0.08107231
    2.433 -0.09165815
    2.435 -0.02167969
    2.437  0.37051275
    2.439  0.04607464
    2.441  0.12259480
    2.443 -0.11428891
    2.445  0.03120668
    2.447 -0.00167440
    2.449 -0.25014591
    2.451 -0.00817332
    2.453 -0.14543974
    2.455  0.17943191
    2.457  0.07408045
    2.459 -0.19240232
    2.461 -0.07079230
    2.463 -0.16598314
    2.465 -0.06325195
    2.467  0.22293414
    2.469  0.10851568
    2.471  0.11266753
    2.473 -0.00597065
    2.475 -0.23081173
    2.477 -0.21124041
    2.479  0.04189997
    2.481 -0.24499870
    2.483  0.01556345
    2.485 -0.10108078
    2.487 -0.06172880
    2.489 -0.02414400
    2.491 -0.03225824
    2.493  0.15861022
    2.495 -0.03561255
    2.497 -0.17680146
    2.499  0.16647973
    2.501  0.08925576
    2.503  0.07446018
    2.505 -0.01057014
    2.507 -0.05888652
    2.509  0.09640238
    2.511  0.16334510
    2.513 -0.14324491
    2.515  0.24803575
    2.517 -0.12333171
    2.519  0.15691614
    2.521  0.22628483
    2.523 -0.04031865
    2.525  0.17920791
    2.527 -0.19810855
    2.529 -0.18020856
    2.531  0.06168931
    2.533 -0.05736071
    2.535 -0.07476113
    2.537 -0.00041044
    2.539 -0.07423753
    2.541  0.05804474
    2.543  0.03467199
    2.545 -0.11627328
    2.547  0.02128458
    2.549  0.03166238
    2.551 -0.03194235
    2.553  0.13730351
    2.555  0.14809272
    2.557  0.00143204
    2.559 -0.04179478
    2.561  0.16287943
    2.563 -0.13555412
    2.565 -0.13419555
    2.567 -0.05173188
    2.569  0.32416236
    2.571  0.09582825
    2.573  0.12930037
    2.575  0.21522345
    2.577  0.07485616
    2.579 -0.08422213
    2.581 -0.00688170
    2.583  0.31818847
    2.585 -0.04847879
    2.587 -0.08818764
    2.589 -0.08582195
    2.591  0.09062038
    2.593  0.07472914
    2.595 -0.20040335
    2.597 -0.05329018
    2.599  0.03287071
    2.601  0.13668211
    2.603 -0.30149869
    2.605  0.03147749
    2.607 -0.17920560
    2.609  0.17069298
    2.611 -0.16832213
    2.613  0.06970569
    2.615  0.04683305
    2.617 -0.07559658
    2.619 -0.13965493
    2.621 -0.32458760
    2.623 -0.15438623
    2.625 -0.01410749
    2.627 -0.02299695
    2.629 -0.11094894
    2.631  0.15844914
    2.633 -0.26998121
    2.635 -0.19020256
    2.637 -0.01792206
    2.639 -0.24535614
    2.641  0.10244980
    2.643  0.02139294
    2.645  0.21063440
    2.647 -0.02850363
    2.649  0.08033126
    2.651  0.02715856
    2.653  0.07521127
    2.655 -0.04992748
    2.657 -0.04049449
    2.659  0.03954718
    2.661  0.02867610
    2.663 -0.06330185
    2.665  0.10190901
    2.667 -0.04802905
    2.669  0.03483326
    2.671 -0.03079279
    2.673 -0.08021350
    2.675  0.11778632
    2.677 -0.07825751
    2.679 -0.06797021
    2.681  0.22610906
    2.683  0.13761211
    2.685  0.01985298
    2.687 -0.07287972
    2.689 -0.01342449
    2.691 -0.04155129
    2.693 -0.14165245
    2.695 -0.17035490
    2.697  0.23828828
    2.699  0.00874131
    2.701 -0.05907441
    2.703  0.14798360
    2.705 -0.21663258
    2.707 -0.13919777
    2.709 -0.12457647
    2.711  0.00607811
    2.713 -0.07031273
    2.715 -0.10919998
    2.717  0.09459589
    2.719  0.04993052
    2.721  0.00499090
    2.723 -0.16676355
    2.725  0.06604848
    2.727  0.04502831
    2.729  0.02556273
    2.731  0.05373151
    2.733 -0.06490443
    2.735 -0.00769006
    2.737  0.08678649
    2.739 -0.20293947
    2.741 -0.08469202
    2.743 -0.09957904
    2.745  0.13604782
    2.747  0.02786221
    2.749  0.18028936
    2.751  0.01413769
    2.753 -0.07461314
    2.755  0.14045837
    2.757 -0.13897974
    2.759  0.01597836
    2.761  0.11810756
    2.763  0.21484390
    2.765  0.04136772
    2.767  0.09260342
    2.769  0.01051415
    2.771 -0.38648380
    2.773  0.07754937
    2.775 -0.23036370
    2.777 -0.02920108
    2.779  0.07830467
    2.781  0.07237879
    2.783  0.16225074
    2.785  0.08620255
    2.787 -0.21660389
    2.789  0.01340711
    2.791  0.01302150
    2.793  0.21456162
    2.795 -0.10604284
    2.797 -0.10605307
    2.799 -0.09314705
    2.801  0.22846846
    2.803 -0.31594383
    2.805 -0.31052999
    2.807 -0.23849378
    2.809  0.07865428
    2.811 -0.47140273
    2.813 -0.25181131
    2.815 -0.16146214
    2.817  0.25520757
    2.819  0.17793939
    2.821  0.04057348
    2.823 -0.12549121
    2.825 -0.00920104
    2.827  0.24105380
    2.829  0.01528730
    2.831 -0.22583971
    2.833  0.33304268
    2.835 -0.15017748
    2.837 -0.01534779
    2.839 -0.23927772
    2.841  0.09586833
    2.843  0.10267017
    2.845  0.17812523
    2.847  0.07134611
    2.849  0.26466328
    2.851 -0.03900559
    2.853  0.32042110
    2.855  0.20466197
    2.857 -0.05893857
    2.859 -0.09433612
    2.861  0.00173721
    2.863 -0.10371812
    2.865  0.05643859
    2.867 -0.05525875
    2.869 -0.12443592
    2.871  0.18643745
    2.873  0.27911055
    2.875 -0.05697665
    2.877  0.16356343
    2.879  0.10445503
    2.881  0.04435536
    2.883  0.14079959
    2.885 -0.03276163
    2.887  0.08683237
    2.889  0.24472184
    2.891  0.00675792
    2.893 -0.21193503
    2.895 -0.21226288
    2.897 -0.08702946
    2.899 -0.16920143
    2.901 -0.27505708
    2.903  0.12699735
    2.905  0.18121676
    2.907  0.02723489
    2.909  0.03084338
    2.911 -0.16343289
    2.913  0.04789321
    2.915  0.43662771
    2.917  0.09543081
    2.919  0.10972460
    2.921 -0.22202664
    2.923 -0.53694845
    2.925 -0.39831995
    2.927 -0.19828460
    2.929 -0.34973955
    2.931 -0.00257569
    2.933 -0.19441975
    2.935  0.29133343
    2.937  0.14100150
    2.939  0.20010991
    2.941  0.45560487
    2.943  0.43254873
    2.945  0.24090303
    2.947  0.01396836
    2.949 -0.08993469
    2.951 -0.40379308
    2.953 -0.18900585
    2.955 -0.60568967
    2.957 -0.49290782
    2.959 -0.06867879
    2.961 -0.37805589
    2.963  0.18445134
    2.965  0.38832492
    2.967  0.71588495
    2.969  0.55394759
    2.971  0.40193417
    2.973  0.65426150
    2.975  0.24993539
    2.977  0.03841598
    2.979 -0.07958062
    2.981 -0.53309041
    2.983 -0.61519842
    2.985 -1.08068457
    2.987 -0.66141965
    2.989 -0.60871517
    2.991 -0.17806462
    2.993 -0.00580407
    2.995  0.63878142
    2.997  0.92495113
    2.999  0.84396964
    3.001  0.84860224
    3.003  0.62052642
    3.005  0.29441642
    3.007  0.27281556
    3.009 -0.23502926
    3.011 -0.39755457
    3.013 -0.34700542
    3.015 -0.66717854
    3.017 -0.41569457
    3.019 -0.28406132
    3.021 -0.54142150
    3.023  0.12912761
    3.025  0.01817664
    3.027  0.14545821
    3.029  0.06594407
    3.031  0.14945898
    3.033  0.38980528
    3.035 -0.02792949
    3.037  0.23827471
    3.039  0.02714315
    3.041  0.05209573
    3.043 -0.05105391
    3.045 -0.11075007
    3.047  0.11062433
    3.049  0.33658439
    3.051 -0.08693497
    3.053  0.04918450
    3.055  0.01718682
    3.057 -0.18070855
    3.059  0.09424113
    3.061  0.31544089
    3.063  0.11460439
    3.065 -0.32607077
    3.067 -0.01892545
    3.069  0.00500541
    3.071 -0.13476730
    3.073  0.10582788
    3.075 -0.00085869
    3.077 -0.03208796
    3.079 -0.19581932
    3.081  0.05063647
    3.083 -0.03753537
    3.085 -0.04899182
    3.087  0.12980712
    3.089  0.07361922
    3.091 -0.00279070
    3.093  0.14473405
    3.095  0.11828147
    3.097 -0.15034686
    3.099 -0.32420688
    3.101 -0.06717137
    3.103  0.04392290
    3.105  0.25567438
    3.107  0.00060265
    3.109 -0.16427567
    3.111 -0.05283817
    3.113 -0.02348863
    3.115  0.17494416
    3.117 -0.01389250
    3.119  0.09553829
    3.121 -0.03564207
    3.123  0.12669348
    3.125  0.05999102
    3.127  0.06210222
    3.129 -0.04911866
    3.131  0.22143313
    3.133 -0.10811424
    3.135  0.07637474
    3.137  0.07570859
    3.139 -0.16970449
    3.141 -0.06043198
    3.143  0.15226182
    3.145  0.03836377
    3.147  0.06330623
    3.149  0.09876528
    3.151  0.27555051
    3.153  0.21248038
    3.155 -0.26352566
    3.157  0.02819553
    3.159 -0.06183445
    3.161  0.03157594
    3.163 -0.03445381
    3.165 -0.06585837
    3.167  0.01861400
    3.169  0.12480351
    3.171 -0.00748793
    3.173  0.19410083
    3.175 -0.34427579
    3.177  0.02272405
    3.179 -0.00175011
    3.181  0.02958469
    3.183 -0.17022428
    3.185  0.22877447
    3.187 -0.07561456
    3.189 -0.01309123
    3.191  0.18813467
    3.193  0.20999803
    3.195 -0.02981580
    3.197 -0.06809102
    3.199  0.25125977
    3.201 -0.03335121
    3.203 -0.10629904
    3.205  0.25951923
    3.207  0.19208053
    3.209 -0.11323810
    3.211  0.21151584
    3.213 -0.09927981
    3.215 -0.17210549
    3.217  0.01164588
    3.219 -0.10043106
    3.221 -0.02632052
    3.223  0.10546405
    3.225  0.15513783
    3.227 -0.05590063
    3.229  0.22297677
    3.231  0.03467189
    3.233  0.05646418
    3.235 -0.13257347
    3.237 -0.19205069
    3.239  0.14980493
    3.241  0.18821096
    3.243 -0.04970613
    3.245  0.14690758
    3.247 -0.10319294
    3.249 -0.00174158
    3.251  0.24139420
    3.253  0.10416555
    3.255  0.07994233
    3.257 -0.12334766
    3.259 -0.06696669
    3.261 -0.02707321
    3.263  0.22560343
    3.265  0.13678976
    3.267  0.00720513
    3.269  0.22964477
    3.271  0.22573111
    3.273 -0.02556901
    3.275 -0.05326028
    3.277 -0.15087525
    3.279  0.13236694
    3.281  0.10980544
    3.283  0.02663224
    3.285 -0.04094121
    3.287  0.11199235
    3.289 -0.07508324
    3.291  0.16129801
    3.293  0.19166826
    3.295  0.08644633
    3.297  0.04601498
    3.299 -0.18483527
    3.301 -0.04458636
    3.303  0.04653496
    3.305 -0.35306074
    3.307  0.12002900
    3.309 -0.11206314
    3.311  0.09437162
    3.313  0.04574029
    3.315 -0.18512941
    3.317 -0.14880755
    3.319 -0.02973991
    3.321 -0.01516739
    3.323  0.22513366
    3.325 -0.15771104
    3.327  0.10367002
    3.329 -0.04820654
    3.331  0.15652822
    3.333 -0.16608077
    3.335 -0.28115729
    3.337 -0.02111343
    3.339 -0.13750210
    3.341 -0.11961995
    3.343 -0.32700251
    3.345 -0.19262217
    3.347  0.01859110
    3.349  0.07100712
    3.351  0.05574408
    3.353 -0.29560826
    3.355  0.23107471
    3.357  0.11422871
    3.359  0.09366529
    3.361  0.21796952
    3.363  0.12127303
    3.365  0.13808992
    3.367 -0.18130030
    3.369  0.04868974
    3.371 -0.10614689
    3.373 -0.11204745
    3.375  0.23501883
    3.377 -0.02709704
    3.379  0.14541969
    3.381  0.05681980
    3.383  0.06127064
    3.385 -0.27030861
    3.387 -0.10033020
    3.389 -0.06448050
    3.391 -0.06242248
    3.393  0.22926969
    3.395  0.13230818
    3.397 -0.10509024
    3.399 -0.11916066
    3.401 -0.22984466
    3.403 -0.35108332
    3.405  0.33285706
    3.407  0.06476984
    3.409 -0.10527147
    3.411  0.16909520
    3.413  0.07509945
    3.415 -0.01378775
    3.417  0.06863255
    3.419 -0.09674323
    3.421 -0.02609222
    3.423  0.19669350
    3.425  0.10386064
    3.427 -0.15620853
    3.429  0.05564682
    3.431  0.19238648
    3.433  0.00509398
    3.435 -0.09499593
    3.437 -0.03637251
    3.439 -0.01433595
    3.441 -0.10159088
    3.443  0.13239977
    3.445 -0.23184713
    3.447  0.18837510
    3.449 -0.14039925
    3.451  0.00935249
    3.453  0.03930780
    3.455 -0.03138069
    3.457  0.08886824
    3.459 -0.03012166
    3.461 -0.29650083
    3.463  0.18089195
    3.465  0.07519365
    3.467 -0.02109809
    3.469  0.33696924
    3.471 -0.15213545
    3.473  0.06225687
    3.475  0.17344546
    3.477 -0.03102257
    3.479  0.11299200
    3.481 -0.04096075
    3.483  0.15373129
    3.485 -0.10006441
    3.487 -0.05399024
    3.489  0.00313426
    3.491 -0.09572800
    3.493  0.31617630
    3.495  0.01635671
    3.497  0.04252473
    3.499  0.17799407
    3.501 -0.22119185
    3.503 -0.09635015
    3.505 -0.18790605
    3.507  0.14789811
    3.509 -0.23700600
    3.511 -0.01575318
    3.513 -0.05576483
    3.515 -0.20728764
    3.517  0.03441686
    3.519  0.06073158
    3.521  0.12107664
    3.523 -0.14924608
    3.525  0.06301358
    3.527  0.04342633
    3.529  0.08779487
    3.531 -0.12222673
    3.533  0.07610942
    3.535 -0.12065302
    3.537  0.13773074
    3.539  0.16525165
    3.541 -0.18763744
    3.543 -0.16548259
    3.545 -0.04272444
    3.547 -0.02083896
    3.549 -0.17939408
    3.551  0.22734228
    3.553 -0.14790003
    3.555 -0.12476518
    3.557  0.11841102
    3.559 -0.05943115
    3.561  0.16638944
    3.563 -0.24218490
    3.565  0.20120044
    3.567 -0.01837440
    3.569 -0.10356277
    3.571 -0.03056417
    3.573  0.06721273
    3.575  0.00056049
    3.577 -0.02978282
    3.579  0.10387283
    3.581  0.15184979
    3.583  0.24285825
    3.585  0.14365069
    3.587  0.01489094
    3.589  0.11639442
    3.591  0.25722057
    3.593  0.05603179
    3.595  0.07055920
    3.597 -0.01171992
    3.599  0.18152407
    3.601  0.04921626
    3.603  0.25039664
    3.605  0.02185320
    3.607  0.09445816
    3.609  0.08004561
    3.611  0.18113605
    3.613 -0.12244115
    3.615 -0.00255524
    3.617  0.09805498
    3.619 -0.12577992
    3.621  0.38521972
    3.623  0.04267926
    3.625  0.04857941
    3.627 -0.03894903
    3.629 -0.19079432
    3.631 -0.05201882
    3.633 -0.03920829
    3.635  0.24722632
    3.637  0.01512873
    3.639 -0.05176848
    3.641 -0.04266701
    3.643  0.03262884
    3.645  0.10977789
    3.647 -0.11571259
    3.649 -0.00580815
    3.651 -0.02845068
    3.653 -0.00785831
    3.655  0.16444936
    3.657  0.13574809
    3.659 -0.16895871
    3.661  0.16606772
    3.663  0.04592382
    3.665  0.25720990
    3.667 -0.10112420
    3.669 -0.03099541
    3.671 -0.07770264
    3.673  0.15874583
    3.675  0.14398827
    3.677  0.11439092
    3.679 -0.23819865
    3.681 -0.18115863
    3.683 -0.02824156
    3.685  0.03370368
    3.687  0.02531461
    3.689  0.10594004
    3.691  0.12745276
    3.693 -0.34046774
    3.695  0.04056834
    3.697 -0.02100630
    3.699 -0.06467160
    3.701  0.10966762
    3.703 -0.10433694
    3.705 -0.17123771
    3.707 -0.02948222
    3.709 -0.15599025
    3.711  0.10654066
    3.713 -0.13356926
    3.715  0.17260165
    3.717 -0.04810867
    3.719  0.10874291
    3.721  0.00993480
    3.723 -0.08778268
    3.725  0.01518847
    3.727  0.16800714
    3.729 -0.10785289
    3.731 -0.07091279
    3.733  0.01507813
    3.735  0.08958514
    3.737 -0.08171218
    3.739  0.01333734
    3.741 -0.05349868
    3.743  0.00035997
    3.745  0.01316998
    3.747  0.01041512
    3.749  0.03753381
    3.752 -0.15153174
    3.754 -0.12318405
    3.756  0.27778691
    3.758  0.01737048
    3.760 -0.08148274
    3.762  0.29335363
    3.764  0.07791539
    3.766  0.10820727
    3.768  0.06763398
    3.770 -0.14096450
    3.772  0.19219841
    3.774  0.04984968
    3.776  0.04559690
    3.778 -0.00108692
    3.780  0.15969735
    3.782 -0.12240829
    3.784  0.14113509
    3.786  0.18081924
    3.788  0.05031448
    3.790 -0.03261869
    3.792 -0.15204670
    3.794  0.24142966
    3.796  0.22918208
    3.798  0.29974228
    3.800  0.05820119
    3.802  0.04819396
    3.804 -0.21769538
    3.806  0.08253020
    3.808 -0.14406432
    3.810 -0.31585218
    3.812 -0.01683364
    3.814  0.09948016
    3.816 -0.03147279
    3.818  0.17206001
    3.820 -0.04397054
    3.822 -0.26115160
    3.824  0.08456981
    3.826  0.29276830
    3.828 -0.24390628
    3.830 -0.09553491
    3.832 -0.23034766
    3.834 -0.05858514
    3.836  0.18929960
    3.838 -0.00187504
    3.840  0.02481537
    3.842 -0.21984953
    3.844 -0.06878806
    3.846 -0.19858121
    3.848 -0.16436847
    3.850  0.09717861
    3.852 -0.03841234
    3.854 -0.04003329
    3.856  0.24136083
    3.858  0.03783338
    3.860  0.00928840
    3.862 -0.03348445
    3.864  0.09196885
    3.866  0.08381252
    3.868 -0.23690695
    3.870 -0.00766454
    3.872 -0.09221524
    3.874  0.17956402
    3.876 -0.14395821
    3.878  0.37429494
    3.880 -0.00030771
    3.882 -0.15984895
    3.884 -0.04504357
    3.886 -0.15111796
    3.888  0.03412465
    3.890 -0.05868275
    3.892 -0.01874515
    3.894  0.07814696
    3.896 -0.08370806
    3.898 -0.18495753
    3.900  0.10417672
    3.902  0.23386676
    3.904  0.04288566
    3.906  0.08520760
    3.908  0.12167159
    3.910 -0.02635965
    3.912 -0.34434986
    3.914 -0.02249190
    3.916  0.09474252
    3.918  0.38760138
    3.920  0.25386531
    3.922 -0.07527094
    3.924  0.09556720
    3.926 -0.34857355
    3.928  0.10828730
    3.930  0.18601254
    3.932  0.06439630
    3.934  0.32566495
    3.936  0.20849855
    3.938 -0.13395026
    3.940  0.11981370
    3.942  0.01983566
    3.944 -0.08759032
    3.946  0.08079584
    3.948 -0.04049968
    3.950  0.27274232
    3.952  0.07096546
    3.954  0.00012847
    3.956 -0.19594660
    3.958  0.21536919
    3.960 -0.18032890
    3.962 -0.27616838
    3.964  0.22943712
    3.966 -0.10514214
    3.968  0.33294325
    3.970  0.04508792
    3.972  0.28673846
    3.974  0.05339027
    3.976 -0.14093674
    3.978 -0.20634736
    3.980 -0.09119934
    3.982  0.10210488
    3.984 -0.17214253
    3.986  0.17190787
    3.988 -0.08779763
    3.990  0.16976847
    3.992 -0.00390073
    3.994 -0.00075671
    3.996 -0.06207996
    3.998  0.00467502
    4.000  0.09107361
    4.002 -0.13947525
    4.004  0.13154979
    4.006  0.04046232
    4.008 -0.20430779
    4.010  0.31548311
    4.012 -0.08538499
    4.014  0.05583126
    4.016 -0.03653029
    4.018 -0.04161199
    4.020  0.10646676
    4.022  0.00671615
    4.024  0.16895006
    4.026 -0.20244759
    4.028 -0.15722630
    4.030 -0.06269785
    4.032 -0.39814975
    4.034  0.10105847
    4.036 -0.18727688
    4.038 -0.31228752
    4.040  0.21727036
    4.042 -0.00745923
    4.044 -0.07886100
    4.046 -0.00668067
    4.048 -0.06712148
    4.050  0.11820873
    4.052  0.19402249
    4.054 -0.16040797
    4.056  0.01360826
    4.058  0.09842044
    4.060 -0.10004742
    4.062  0.09448991
    4.064 -0.20593697
    4.066 -0.25066431
    4.068  0.00654936
    4.070 -0.16401724
    4.072 -0.03702887
    4.074  0.01343600
    4.076 -0.36506045
    4.078  0.15574079
    4.080 -0.33544840
    4.082  0.14476546
    4.084  0.16546880
    4.086  0.34310052
    4.088  0.04016344
    4.090 -0.14958168
    4.092 -0.01229033
    4.094  0.04730629
    4.096 -0.08725847
    4.098 -0.08741558
    4.100  0.17338648
    4.102 -0.09146819
    4.104  0.19146307
    4.106  0.05630107
    4.108 -0.01665003
    4.110 -0.01878860
    4.112 -0.17120733
    4.114  0.01385596
    4.116  0.01901677
    4.118 -0.21124578
    4.120  0.01835057
    4.122  0.08341451
    4.124  0.07980901
    4.126 -0.08735326
    4.128  0.18659942
    4.130  0.02872576
    4.132 -0.02334207
    4.134  0.02751480
    4.136 -0.27090957
    4.138  0.09473263
    4.140  0.01179606
    4.142  0.24823490
    4.144 -0.00218819
    4.146 -0.04757346
    4.148 -0.01262684
    4.150 -0.07448656
    4.152  0.11090830
    4.154 -0.04148028
    4.156 -0.12106563
    4.158 -0.04759904
    4.160 -0.14055233
    4.162  0.11432725
    4.164  0.06498811
    4.166  0.00711291
    4.168  0.14967146
    4.170  0.01383093
    4.172  0.19448014
    4.174  0.06277668
    4.176  0.03268241
    4.178 -0.11770330
    4.180  0.11263842
    4.182  0.02070350
    4.184  0.09475464
    4.186  0.16452572
    4.188 -0.04776928
    4.190  0.02065452
    4.192  0.05013231
    4.194 -0.14146630
    4.196  0.17431186
    4.198 -0.07169589
    4.200  0.07982955
    4.202 -0.05403600
    4.204  0.00716692
    4.206 -0.07073549
    4.208  0.33202676
    4.210  0.18119854
    4.212  0.05908968
    4.214 -0.08877243
    4.216 -0.12629135
    4.218 -0.10878224
    4.220 -0.20332970
    4.222  0.00843845
    4.224  0.07335335
    4.226  0.09849489
    4.228  0.02020472
    4.230  0.25645523
    4.232  0.20025045
    4.234 -0.10419998
    4.236 -0.03283315
    4.238 -0.09448577
    4.240  0.20789530
    4.242 -0.10759823
    4.244  0.05425152
    4.246  0.08600898
    4.248 -0.04844475
    4.250  0.18335461
    4.252 -0.38277830
    4.254 -0.06746470
    4.256  0.19769191
    4.258  0.08095882
    4.260 -0.08069840
    4.262  0.09896472
    4.264  0.22887533
    4.266 -0.11048182
    4.268  0.29322574
    4.270  0.06609412
    4.272 -0.01381882
    4.274  0.32051293
    4.276  0.03750789
    4.278 -0.04884477
    4.280  0.07566002
    4.282  0.03831740
    4.284  0.10053923
    4.286  0.22636410
    4.288  0.16187502
    4.290  0.08596726
    4.292  0.03395005
    4.294  0.08609365
    4.296 -0.08333340
    4.298 -0.13828754
    4.300 -0.31832356
    4.302  0.23970024
    4.304  0.13153300
    4.306  0.15433677
    4.308  0.05281491
    4.310 -0.01331616
    4.312 -0.04987359
    4.314 -0.08974029
    4.316 -0.07595574
    4.318 -0.18223945
    4.320 -0.10398020
    4.322  0.27122487
    4.324  0.07294336
    4.326 -0.11172988
    4.328 -0.20311425
    4.330  0.15696343
    4.332  0.05022828
    4.334 -0.09865923
    4.336 -0.08716578
    4.338 -0.27547726
    4.340 -0.12502638
    4.342 -0.07495205
    4.344  0.09712863
    4.346 -0.27086300
    4.348 -0.16163882
    4.350 -0.21282502
    4.352  0.02021071
    4.354 -0.02241259
    4.356  0.12376332
    4.358 -0.11787677
    4.360  0.17831317
    4.362  0.18900411
    4.364  0.03697327
    4.366  0.02139506
    4.368  0.10505158
    4.370  0.21965634
    4.372  0.23350731
    4.374 -0.07725356
    4.376 -0.24744591
    4.378 -0.20825307
    4.380 -0.00564380
    4.382  0.03022396
    4.384 -0.29761816
    4.386  0.13263778
    4.388 -0.00260860
    4.390  0.11898009
    4.392 -0.12729427
    4.394 -0.05762546
    4.396 -0.13070020
    4.398 -0.27702488
    4.400 -0.11958598
    4.402  0.02183281
    4.404  0.05545528
    4.406 -0.10472297
    4.408  0.11356676
    4.410  0.03806702
    4.412 -0.14163520
    4.414  0.05924579
    4.416  0.00734480
    4.418 -0.08281559
    4.420  0.13289604
    4.422  0.03021798
    4.424 -0.08464499
    4.426  0.04382902
    4.428  0.04062921
    4.430  0.25187720
    4.432 -0.21955826
    4.434 -0.14029185
    4.436  0.20745029
    4.438 -0.03715746
    4.440  0.11415153
    4.442  0.13672454
    4.444 -0.16898528
    4.446  0.00071496
    4.448 -0.18854234
    4.450  0.16621588
    4.452 -0.05719277
    4.454 -0.01283617
    4.456 -0.03709886
    4.458 -0.01299969
    4.460 -0.17949786
    4.462  0.06808837
    4.464  0.09178705
    4.466 -0.22557655
    4.468 -0.05456775
    4.470 -0.18915503
    4.472  0.02277484
    4.474  0.11474895
    4.476 -0.02952101
    4.478 -0.12253186
    4.480  0.10358700
    4.482 -0.00622941
    4.484  0.10302951
    4.486  0.08472346
    4.488 -0.21007951
    4.490 -0.10187907
    4.492  0.04151080
    4.494 -0.08731100
    4.496  0.31923187
    4.498 -0.17040705
    4.500  0.20306044
    4.502  0.03185723
    4.504  0.19890702
    4.506  0.08272236
    4.508  0.06376421
    4.510 -0.11975095
    4.512  0.02816791
    4.514 -0.00537641
    4.516 -0.11163365
    4.518 -0.05668734
    4.520  0.08190100
    4.522  0.03634553
    4.524 -0.11177825
    4.526  0.03323158
    4.528 -0.11822166
    4.530 -0.13420275
    4.532 -0.06127916
    4.534 -0.08315209
    4.536  0.26677017
    4.538 -0.02157924
    4.540 -0.08937999
    4.542 -0.26627871
    4.544  0.09517407
    4.546 -0.08116208
    4.548  0.01590253
    4.550  0.02580815
    4.552 -0.05070228
    4.554  0.06809167
    4.556  0.14245587
    4.558 -0.01042327
    4.560 -0.16289790
    4.562  0.02792865
    4.564 -0.25639384
    4.566  0.02292047
    4.568 -0.03869440
    4.570 -0.07232299
    4.572  0.15634838
    4.574  0.07117415
    4.576 -0.29319765
    4.578  0.14881718
    4.580  0.18680186
    4.582  0.14439163
    4.584 -0.04283707
    4.586 -0.40239444
    4.588  0.33225839
    4.590 -0.27735910
    4.592  0.00767552
    4.594  0.16194001
    4.596 -0.07973940
    4.598 -0.09052271
    4.600 -0.11434141
    4.602  0.11013599
    4.604 -0.14181082
    4.606  0.03406197
    4.608 -0.07215959
    4.610  0.09461572
    4.612 -0.19104812
    4.614  0.14907730
    4.616  0.05566421
    4.618 -0.14072975
    4.620  0.06916616
    4.622  0.02247486
    4.624  0.04288012
    4.626 -0.13687424
    4.628  0.07306565
    4.630  0.23421814
    4.632 -0.16878119
    4.634  0.01783869
    4.636 -0.03221429
    4.638  0.04666633
    4.640  0.18252305
    4.642 -0.09181508
    4.644  0.10941511
    4.646  0.05681496
    4.648 -0.22859257
    4.650  0.11825029
    4.652  0.03583531
    4.654 -0.01878293
    4.656  0.15610199
    4.658 -0.09695510
    4.660  0.25324436
    4.662 -0.08379766
    4.664  0.01166068
    4.666  0.13193384
    4.668 -0.02824276
    4.670  0.06995947
    4.672  0.26415727
    4.674 -0.17100647
    4.676  0.02920469
    4.678 -0.06408095
    4.680  0.02706601
    4.682 -0.41996430
    4.684 -0.24422958
    4.686  0.07355637
    4.688  0.21545402
    4.690  0.00341132
    4.692 -0.15242758
    4.694 -0.05297042
    4.696  0.20309561
    4.698  0.01068206
    4.700  0.06610895
    4.702  0.22234145
    4.704 -0.11236068
    4.706 -0.17430498
    4.708  0.16313841
    4.710 -0.16169772
    4.712  0.00989892
    4.714  0.06374380
    4.716 -0.08400382
    4.718  0.21065574
    4.720 -0.03429986
    4.722 -0.19676455
    4.724  0.23310358
    4.726 -0.09035788
    4.728 -0.14589374
    4.730  0.01556480
    4.732 -0.12418292
    4.734 -0.23930706
    4.736 -0.11583839
    4.738  0.15204043
    4.740 -0.08548129
    4.742  0.00892649
    4.744 -0.01759869
    4.746 -0.03617718
    4.748  0.16576043
    4.750 -0.02400677
    4.752 -0.09510992
    4.754 -0.12291012
    4.756  0.11793931
    4.758  0.11749420
    4.760  0.09561951
    4.762 -0.16402432
    4.764 -0.09886202
    4.766 -0.01638818
    4.768  0.18787724
    4.770 -0.12859903
    4.772  0.05458531
    4.774  0.00034411
    4.776  0.14114833
    4.778  0.02168461
    4.780 -0.19149687
    4.782 -0.25680075
    4.784 -0.20154582
    4.786 -0.03693226
    4.788 -0.22229204
    4.790  0.02283967
    4.792 -0.09689939
    4.794  0.27649029
    4.796  0.36564610
    4.798 -0.00667177
    4.800 -0.03364634
    4.802 -0.15950739
    4.804 -0.15573151
    4.806  0.09518208
    4.808 -0.23849275
    4.810 -0.14833829
    4.812  0.35826205
    4.814 -0.04773965
    4.816  0.06318258
    4.818 -0.04760851
    4.820  0.29353243
    4.822  0.17042109
    4.824 -0.10227954
    4.826  0.23717267
    4.828 -0.03609595
    4.830  0.01810293
    4.832 -0.01981411
    4.834  0.06055648
    4.836 -0.14005583
    4.838  0.06624352
    4.840 -0.02737292
    4.842  0.08172820
    4.844 -0.23345870
    4.846 -0.12710427
    4.848  0.07549665
    4.850 -0.04426476
    4.852  0.00487577
    4.854 -0.03636912
    4.856  0.14820084
    4.858  0.11411380
    4.860 -0.01188220
    4.862 -0.04715420
    4.864  0.28329633
    4.866 -0.00418185
    4.868  0.28721643
    4.870  0.37754474
    4.872  0.17892986
    4.874 -0.20081874
    4.876 -0.05919923
    4.878  0.02001995
    4.880  0.15463797
    4.882 -0.26259674
    4.884  0.12213564
    4.886 -0.11780450
    4.888 -0.04659028
    4.890 -0.10903773
    4.892 -0.12747263
    4.894  0.03812421
    4.896  0.23721517
    4.898  0.07766397
    4.900  0.02206358
    4.902  0.34819758
    4.904 -0.16295836
    4.906  0.12313977
    4.908  0.00907559
    4.910 -0.20454308
    4.912  0.07564402
    4.914  0.16529437
    4.916  0.14541128
    4.918 -0.01707518
    4.920 -0.10780631
    4.922 -0.00538700
    4.924 -0.08275759
    4.926  0.04079696
    4.928  0.14490471
    4.930  0.08288049
    4.932 -0.03291351
    4.934  0.13274375
    4.936  0.08684927
    4.938 -0.16486126
    4.940 -0.07357975
    4.942  0.17503522
    4.944  0.16295006
    4.946 -0.07910453
    4.948 -0.06597721
    4.950 -0.01512610
    4.952  0.16412138
    4.954  0.00015378
    4.956  0.17636046
    4.958  0.20642470
    4.960 -0.14089471
    4.962  0.15838770
    4.964 -0.28502451
    4.966  0.00625358
    4.968 -0.01249983
    4.970  0.09851815
    4.972 -0.38401494
    4.974 -0.24518770
    4.976  0.12779626
    4.978  0.01665037
    4.980 -0.22012875
    4.982  0.18908229
    4.984 -0.06924277
    4.986  0.05955559
    4.988  0.41908675
    4.990 -0.09622874
    4.992  0.05896858
    4.994 -0.25209787
    4.996  0.12247812
    4.998 -0.02207415
    5.000  0.17010040
